<?xml version="1.0" encoding="UTF-8"?>
<testng-results skipped="3" failed="0" total="3" passed="0">
  <reporter-output>
  </reporter-output>
  <suite name="Default suite" duration-ms="34" started-at="2019-08-23T20:11:51Z" finished-at="2019-08-23T20:11:51Z">
    <groups>
    </groups>
    <test name="Default test" duration-ms="34" started-at="2019-08-23T20:11:51Z" finished-at="2019-08-23T20:11:51Z">
      <class name="com.wbl.qa.testcases.LoginPageTest">
        <test-method status="FAIL" signature="setUp()[pri:0, instance:com.wbl.qa.testcases.LoginPageTest@4f933fd1]" name="setUp" is-config="true" duration-ms="0" started-at="2019-08-23T13:11:51Z" finished-at="2019-08-23T13:11:51Z">
          <exception class="java.lang.NullPointerException">
            <full-stacktrace>
              <![CDATA[java.lang.NullPointerException
	at com.wbl.qa.base.TestBase.initialization(TestBase.java:43)
	at com.wbl.qa.testcases.LoginPageTest.setUp(LoginPageTest.java:27)
	at sun.reflect.NativeMethodAccessorImpl.invoke0(Native Method)
	at sun.reflect.NativeMethodAccessorImpl.invoke(NativeMethodAccessorImpl.java:62)
	at sun.reflect.DelegatingMethodAccessorImpl.invoke(DelegatingMethodAccessorImpl.java:43)
	at java.lang.reflect.Method.invoke(Method.java:498)
	at org.testng.internal.MethodInvocationHelper.invokeMethod(MethodInvocationHelper.java:80)
	at org.testng.internal.Invoker.invokeConfigurationMethod(Invoker.java:564)
	at org.testng.internal.Invoker.invokeConfigurations(Invoker.java:213)
	at org.testng.internal.Invoker.invokeMethod(Invoker.java:653)
	at org.testng.internal.Invoker.invokeTestMethod(Invoker.java:901)
	at org.testng.internal.Invoker.invokeTestMethods(Invoker.java:1231)
	at org.testng.internal.TestMethodWorker.invokeTestMethods(TestMethodWorker.java:127)
	at org.testng.internal.TestMethodWorker.run(TestMethodWorker.java:111)
	at org.testng.TestRunner.privateRun(TestRunner.java:767)
	at org.testng.TestRunner.run(TestRunner.java:617)
	at org.testng.SuiteRunner.runTest(SuiteRunner.java:334)
	at org.testng.SuiteRunner.runSequentially(SuiteRunner.java:329)
	at org.testng.SuiteRunner.privateRun(SuiteRunner.java:291)
	at org.testng.SuiteRunner.run(SuiteRunner.java:240)
	at org.testng.SuiteRunnerWorker.runSuite(SuiteRunnerWorker.java:52)
	at org.testng.SuiteRunnerWorker.run(SuiteRunnerWorker.java:86)
	at org.testng.TestNG.runSuitesSequentially(TestNG.java:1198)
	at org.testng.TestNG.runSuitesLocally(TestNG.java:1123)
	at org.testng.TestNG.run(TestNG.java:1031)
	at org.testng.remote.AbstractRemoteTestNG.run(AbstractRemoteTestNG.java:115)
	at org.testng.remote.RemoteTestNG.initAndRun(RemoteTestNG.java:251)
	at org.testng.remote.RemoteTestNG.main(RemoteTestNG.java:77)
]]>
            </full-stacktrace>
          </exception> <!-- java.lang.NullPointerException -->
          <reporter-output>
          </reporter-output>
        </test-method> <!-- setUp -->
        <test-method status="SKIP" signature="loginPageTitleTest()[pri:0, instance:com.wbl.qa.testcases.LoginPageTest@4f933fd1]" name="loginPageTitleTest" duration-ms="1" started-at="2019-08-23T13:11:51Z" finished-at="2019-08-23T13:11:51Z">
          <reporter-output>
          </reporter-output>
        </test-method> <!-- loginPageTitleTest -->
        <test-method status="SKIP" signature="teardown()[pri:0, instance:com.wbl.qa.testcases.LoginPageTest@4f933fd1]" name="teardown" is-config="true" duration-ms="0" started-at="2019-08-23T13:11:51Z" finished-at="2019-08-23T13:11:51Z">
          <reporter-output>
          </reporter-output>
        </test-method> <!-- teardown -->
        <test-method status="SKIP" signature="setUp()[pri:0, instance:com.wbl.qa.testcases.LoginPageTest@4f933fd1]" name="setUp" is-config="true" duration-ms="0" started-at="2019-08-23T13:11:51Z" finished-at="2019-08-23T13:11:51Z">
          <reporter-output>
          </reporter-output>
        </test-method> <!-- setUp -->
        <test-method status="SKIP" signature="amazonLogoImageTest()[pri:0, instance:com.wbl.qa.testcases.LoginPageTest@4f933fd1]" name="amazonLogoImageTest" duration-ms="1" started-at="2019-08-23T13:11:51Z" finished-at="2019-08-23T13:11:51Z">
          <reporter-output>
          </reporter-output>
        </test-method> <!-- amazonLogoImageTest -->
        <test-method status="SKIP" signature="teardown()[pri:0, instance:com.wbl.qa.testcases.LoginPageTest@4f933fd1]" name="teardown" is-config="true" duration-ms="0" started-at="2019-08-23T13:11:51Z" finished-at="2019-08-23T13:11:51Z">
          <reporter-output>
          </reporter-output>
        </test-method> <!-- teardown -->
        <test-method status="SKIP" signature="setUp()[pri:0, instance:com.wbl.qa.testcases.LoginPageTest@4f933fd1]" name="setUp" is-config="true" duration-ms="0" started-at="2019-08-23T13:11:51Z" finished-at="2019-08-23T13:11:51Z">
          <reporter-output>
          </reporter-output>
        </test-method> <!-- setUp -->
        <test-method status="SKIP" signature="loginTest()[pri:0, instance:com.wbl.qa.testcases.LoginPageTest@4f933fd1]" name="loginTest" duration-ms="1" started-at="2019-08-23T13:11:51Z" finished-at="2019-08-23T13:11:51Z">
          <reporter-output>
          </reporter-output>
        </test-method> <!-- loginTest -->
        <test-method status="SKIP" signature="teardown()[pri:0, instance:com.wbl.qa.testcases.LoginPageTest@4f933fd1]" name="teardown" is-config="true" duration-ms="0" started-at="2019-08-23T13:11:51Z" finished-at="2019-08-23T13:11:51Z">
          <reporter-output>
          </reporter-output>
        </test-method> <!-- teardown -->
      </class> <!-- com.wbl.qa.testcases.LoginPageTest -->
    </test> <!-- Default test -->
  </suite> <!-- Default suite -->
</testng-results>
